[2019-08-07 17:44:35,848] INFO Starting the log cleaner (kafka.log.LogCleaner)
[2019-08-07 17:44:35,920] INFO [kafka-log-cleaner-thread-0]: Starting (kafka.log.LogCleaner)
[2019-08-08 11:00:44,260] INFO Starting the log cleaner (kafka.log.LogCleaner)
[2019-08-08 11:00:44,346] INFO [kafka-log-cleaner-thread-0]: Starting (kafka.log.LogCleaner)
[2019-08-08 11:08:57,653] INFO Starting the log cleaner (kafka.log.LogCleaner)
[2019-08-08 11:08:57,721] INFO [kafka-log-cleaner-thread-0]: Starting (kafka.log.LogCleaner)
[2019-08-08 11:15:37,428] INFO Shutting down the log cleaner. (kafka.log.LogCleaner)
[2019-08-08 11:15:37,429] INFO [kafka-log-cleaner-thread-0]: Shutting down (kafka.log.LogCleaner)
[2019-08-08 11:15:37,430] INFO [kafka-log-cleaner-thread-0]: Stopped (kafka.log.LogCleaner)
[2019-08-08 11:15:37,430] INFO [kafka-log-cleaner-thread-0]: Shutdown completed (kafka.log.LogCleaner)
[2019-08-08 11:16:20,643] INFO Shutting down the log cleaner. (kafka.log.LogCleaner)
[2019-08-08 11:16:20,643] INFO [kafka-log-cleaner-thread-0]: Shutting down (kafka.log.LogCleaner)
[2019-08-08 11:16:20,643] INFO [kafka-log-cleaner-thread-0]: Stopped (kafka.log.LogCleaner)
[2019-08-08 11:16:20,643] INFO [kafka-log-cleaner-thread-0]: Shutdown completed (kafka.log.LogCleaner)
[2019-08-08 11:16:40,816] INFO Starting the log cleaner (kafka.log.LogCleaner)
[2019-08-08 11:16:40,872] INFO [kafka-log-cleaner-thread-0]: Starting (kafka.log.LogCleaner)
[2019-08-08 11:17:33,019] INFO Starting the log cleaner (kafka.log.LogCleaner)
[2019-08-08 11:17:33,081] INFO [kafka-log-cleaner-thread-0]: Starting (kafka.log.LogCleaner)
[2019-08-08 11:24:40,251] INFO Starting the log cleaner (kafka.log.LogCleaner)
[2019-08-08 11:24:40,313] INFO [kafka-log-cleaner-thread-0]: Starting (kafka.log.LogCleaner)
[2019-08-08 11:25:00,726] INFO Starting the log cleaner (kafka.log.LogCleaner)
[2019-08-08 11:25:00,793] INFO [kafka-log-cleaner-thread-0]: Starting (kafka.log.LogCleaner)
[2019-08-08 13:17:14,788] INFO Shutting down the log cleaner. (kafka.log.LogCleaner)
[2019-08-08 13:17:14,790] INFO [kafka-log-cleaner-thread-0]: Shutting down (kafka.log.LogCleaner)
[2019-08-08 13:17:14,791] INFO [kafka-log-cleaner-thread-0]: Stopped (kafka.log.LogCleaner)
[2019-08-08 13:17:14,791] INFO [kafka-log-cleaner-thread-0]: Shutdown completed (kafka.log.LogCleaner)
[2019-08-08 15:08:27,841] INFO Starting the log cleaner (kafka.log.LogCleaner)
[2019-08-08 15:08:27,911] INFO [kafka-log-cleaner-thread-0]: Starting (kafka.log.LogCleaner)
[2019-08-08 15:10:19,645] INFO Shutting down the log cleaner. (kafka.log.LogCleaner)
[2019-08-08 15:10:19,645] INFO [kafka-log-cleaner-thread-0]: Shutting down (kafka.log.LogCleaner)
[2019-08-08 15:10:19,645] INFO [kafka-log-cleaner-thread-0]: Stopped (kafka.log.LogCleaner)
[2019-08-08 15:10:19,645] INFO [kafka-log-cleaner-thread-0]: Shutdown completed (kafka.log.LogCleaner)
[2019-08-08 16:28:37,201] INFO Starting the log cleaner (kafka.log.LogCleaner)
[2019-08-08 16:28:37,258] INFO [kafka-log-cleaner-thread-0]: Starting (kafka.log.LogCleaner)
[2019-08-08 16:30:31,059] INFO Shutting down the log cleaner. (kafka.log.LogCleaner)
[2019-08-08 16:30:31,063] INFO [kafka-log-cleaner-thread-0]: Shutting down (kafka.log.LogCleaner)
[2019-08-08 16:30:31,063] INFO [kafka-log-cleaner-thread-0]: Stopped (kafka.log.LogCleaner)
[2019-08-08 16:30:31,063] INFO [kafka-log-cleaner-thread-0]: Shutdown completed (kafka.log.LogCleaner)
[2019-08-08 16:32:14,712] INFO Shutting down the log cleaner. (kafka.log.LogCleaner)
[2019-08-08 16:32:14,714] INFO [kafka-log-cleaner-thread-0]: Shutting down (kafka.log.LogCleaner)
[2019-08-08 16:32:14,715] INFO [kafka-log-cleaner-thread-0]: Stopped (kafka.log.LogCleaner)
[2019-08-08 16:32:14,715] INFO [kafka-log-cleaner-thread-0]: Shutdown completed (kafka.log.LogCleaner)
[2019-08-08 16:35:36,848] INFO Shutting down the log cleaner. (kafka.log.LogCleaner)
[2019-08-08 16:35:36,849] INFO [kafka-log-cleaner-thread-0]: Shutting down (kafka.log.LogCleaner)
[2019-08-08 16:35:36,849] INFO [kafka-log-cleaner-thread-0]: Stopped (kafka.log.LogCleaner)
[2019-08-08 16:35:36,849] INFO [kafka-log-cleaner-thread-0]: Shutdown completed (kafka.log.LogCleaner)
[2019-08-08 17:17:21,314] INFO Starting the log cleaner (kafka.log.LogCleaner)
[2019-08-08 17:17:21,375] INFO [kafka-log-cleaner-thread-0]: Starting (kafka.log.LogCleaner)
[2019-08-08 17:40:34,343] INFO Starting the log cleaner (kafka.log.LogCleaner)
[2019-08-08 17:40:34,404] INFO [kafka-log-cleaner-thread-0]: Starting (kafka.log.LogCleaner)
[2019-08-08 22:46:54,745] INFO Starting the log cleaner (kafka.log.LogCleaner)
[2019-08-08 22:46:54,808] INFO [kafka-log-cleaner-thread-0]: Starting (kafka.log.LogCleaner)
[2019-08-08 22:46:57,896] INFO Starting the log cleaner (kafka.log.LogCleaner)
[2019-08-08 22:46:57,967] INFO [kafka-log-cleaner-thread-0]: Starting (kafka.log.LogCleaner)
[2019-08-08 22:48:08,705] INFO Starting the log cleaner (kafka.log.LogCleaner)
[2019-08-08 22:48:08,772] INFO [kafka-log-cleaner-thread-0]: Starting (kafka.log.LogCleaner)
[2019-08-08 22:52:45,938] INFO Starting the log cleaner (kafka.log.LogCleaner)
[2019-08-08 22:52:46,006] INFO [kafka-log-cleaner-thread-0]: Starting (kafka.log.LogCleaner)
[2019-08-09 10:05:33,388] INFO Starting the log cleaner (kafka.log.LogCleaner)
[2019-08-09 10:05:33,474] INFO [kafka-log-cleaner-thread-0]: Starting (kafka.log.LogCleaner)
[2019-08-09 10:06:07,276] INFO Starting the log cleaner (kafka.log.LogCleaner)
[2019-08-09 10:06:07,373] INFO [kafka-log-cleaner-thread-0]: Starting (kafka.log.LogCleaner)
[2019-08-09 10:06:16,347] INFO Starting the log cleaner (kafka.log.LogCleaner)
[2019-08-09 10:06:16,445] INFO [kafka-log-cleaner-thread-0]: Starting (kafka.log.LogCleaner)
[2019-08-09 12:38:02,422] INFO Starting the log cleaner (kafka.log.LogCleaner)
[2019-08-09 12:38:02,530] INFO [kafka-log-cleaner-thread-0]: Starting (kafka.log.LogCleaner)
[2019-08-09 12:45:02,654] INFO Shutting down the log cleaner. (kafka.log.LogCleaner)
[2019-08-09 12:45:02,655] INFO [kafka-log-cleaner-thread-0]: Shutting down (kafka.log.LogCleaner)
[2019-08-09 12:45:02,655] INFO [kafka-log-cleaner-thread-0]: Stopped (kafka.log.LogCleaner)
[2019-08-09 12:45:02,655] INFO [kafka-log-cleaner-thread-0]: Shutdown completed (kafka.log.LogCleaner)
[2019-08-09 12:47:01,039] INFO Starting the log cleaner (kafka.log.LogCleaner)
[2019-08-09 12:47:01,101] INFO [kafka-log-cleaner-thread-0]: Starting (kafka.log.LogCleaner)
